\BOOKMARK [0][-]{chapter.1}{1 Background}{}% 1
\BOOKMARK [1][-]{section.1.1}{1.1 Gravitational-wave}{chapter.1}% 2
\BOOKMARK [1][-]{section.1.2}{1.2 Sources of gravitational-wave}{chapter.1}% 3
\BOOKMARK [1][-]{section.1.3}{1.3 Interferometric Gravitational-wave detection}{chapter.1}% 4
\BOOKMARK [1][-]{section.1.4}{1.4 Terrestrial Laser Interferometers}{chapter.1}% 5
\BOOKMARK [1][-]{section.1.5}{1.5 KAGRA}{chapter.1}% 6
\BOOKMARK [1][-]{section.1.6}{1.6 Summary of the Chapter}{chapter.1}% 7
\BOOKMARK [0][-]{chapter.2}{2 Geophysics Interferometer \(GIF\)}{}% 8
\BOOKMARK [1][-]{section.2.1}{2.1 Overview}{chapter.2}% 9
\BOOKMARK [1][-]{section.2.2}{2.2 Purpose}{chapter.2}% 10
\BOOKMARK [2][-]{subsection.2.2.1}{2.2.1 Motivation in Geophysics}{section.2.2}% 11
\BOOKMARK [2][-]{subsection.2.2.2}{2.2.2 Motivation in GW detectors}{section.2.2}% 12
\BOOKMARK [1][-]{section.2.3}{2.3 Working Principle}{chapter.2}% 13
\BOOKMARK [2][-]{subsection.2.3.1}{2.3.1 Response to the seismic strain}{section.2.3}% 14
\BOOKMARK [2][-]{subsection.2.3.2}{2.3.2 Signal Detection Scheme}{section.2.3}% 15
\BOOKMARK [2][-]{subsection.2.3.3}{2.3.3 Noise}{section.2.3}% 16
\BOOKMARK [1][-]{section.2.4}{2.4 Optics}{chapter.2}% 17
\BOOKMARK [2][-]{subsection.2.4.1}{2.4.1 Mode Matching Optics}{section.2.4}% 18
\BOOKMARK [2][-]{subsection.2.4.2}{2.4.2 Frequency Stabilized Laser}{section.2.4}% 19
\BOOKMARK [2][-]{subsection.2.4.3}{2.4.3 Core Optics}{section.2.4}% 20
\BOOKMARK [1][-]{section.2.5}{2.5 Data Aquisition System}{chapter.2}% 21
\BOOKMARK [2][-]{subsection.2.5.1}{2.5.1 Stand Alone System}{section.2.5}% 22
\BOOKMARK [2][-]{subsection.2.5.2}{2.5.2 Realtime System}{section.2.5}% 23
\BOOKMARK [1][-]{section.2.6}{2.6 Summary of the Chapter}{chapter.2}% 24
\BOOKMARK [0][-]{chapter.3}{3 Underground Seismic Noise}{}% 25
\BOOKMARK [1][-]{section.3.1}{3.1 Introduction}{chapter.3}% 26
\BOOKMARK [2][-]{subsection.3.1.1}{3.1.1 KAGRA Tunnel}{section.3.1}% 27
\BOOKMARK [1][-]{section.3.2}{3.2 Theory of Seismic Waves}{chapter.3}% 28
\BOOKMARK [2][-]{subsection.3.2.1}{3.2.1 Seismic Waves}{section.3.2}% 29
\BOOKMARK [2][-]{subsection.3.2.2}{3.2.2 Spatial Autocorrelation}{section.3.2}% 30
\BOOKMARK [2][-]{subsection.3.2.3}{3.2.3 Common and Differential Mode Ratio \(CDMR\)}{section.3.2}% 31
\BOOKMARK [1][-]{section.3.3}{3.3 Seismic Noise}{chapter.3}% 32
\BOOKMARK [2][-]{subsection.3.3.1}{3.3.1 Long Term Characteristics}{section.3.3}% 33
\BOOKMARK [2][-]{subsection.3.3.2}{3.3.2 Microseismic Peak Model}{section.3.3}% 34
\BOOKMARK [2][-]{subsection.3.3.3}{3.3.3 Peak identification}{section.3.3}% 35
\BOOKMARK [1][-]{section.3.4}{3.4 Fluctuation of the Arm Length}{chapter.3}% 36
\BOOKMARK [2][-]{subsection.3.4.1}{3.4.1 }{section.3.4}% 37
\BOOKMARK [1][-]{section.3.5}{3.5 Summary of the Chapter}{chapter.3}% 38
\BOOKMARK [0][-]{chapter.4}{4 Arm Length Compensation Control Using the GIF}{}% 39
\BOOKMARK [1][-]{section.4.1}{4.1 Problem of the Arm Length Fluctuation}{chapter.4}% 40
\BOOKMARK [2][-]{subsection.4.1.1}{4.1.1 }{section.4.1}% 41
\BOOKMARK [2][-]{subsection.4.1.2}{4.1.2 }{section.4.1}% 42
\BOOKMARK [2][-]{subsection.4.1.3}{4.1.3 }{section.4.1}% 43
\BOOKMARK [1][-]{section.4.2}{4.2 Control Design}{chapter.4}% 44
\BOOKMARK [2][-]{subsection.4.2.1}{4.2.1 }{section.4.2}% 45
\BOOKMARK [2][-]{subsection.4.2.2}{4.2.2 }{section.4.2}% 46
\BOOKMARK [2][-]{subsection.4.2.3}{4.2.3 }{section.4.2}% 47
\BOOKMARK [1][-]{section.4.3}{4.3 Experimental Arrangement}{chapter.4}% 48
\BOOKMARK [2][-]{subsection.4.3.1}{4.3.1 }{section.4.3}% 49
\BOOKMARK [2][-]{subsection.4.3.2}{4.3.2 }{section.4.3}% 50
\BOOKMARK [2][-]{subsection.4.3.3}{4.3.3 }{section.4.3}% 51
\BOOKMARK [1][-]{section.4.4}{4.4 Result}{chapter.4}% 52
\BOOKMARK [2][-]{subsection.4.4.1}{4.4.1 }{section.4.4}% 53
\BOOKMARK [2][-]{subsection.4.4.2}{4.4.2 }{section.4.4}% 54
\BOOKMARK [2][-]{subsection.4.4.3}{4.4.3 }{section.4.4}% 55
\BOOKMARK [1][-]{section.4.5}{4.5 Summary of the Chapter}{chapter.4}% 56
\BOOKMARK [0][-]{chapter.5}{5 Conculusion and Future Directions}{}% 57
\BOOKMARK [1][-]{section.5.1}{5.1 Conclusion}{chapter.5}% 58
\BOOKMARK [1][-]{section.5.2}{5.2 Future Directions}{chapter.5}% 59
