********************************************************
******************       GOTIC2       ******************
****************** Version 2004.10.25 ******************
********************************************************
 
-------------------------------------------< INPUT CARD >------------------------------------------- No.
 # tide.txt                                                                                            1
 *********************[ Mandatory Cards ]**********************                                        2
 STAPOSD KAMIOKA, 137.31, 36.43, 358.0, 0.0                                                            3
 #STAPOSD KAMIOKA, 137.31, 36.43, 358.0, 60.0                                                          4
 #WAVE    ALL                                                                                          5
 WAVE    MAJOR8                                                                                        6
 #WAVE    M2                                                                                           7
 KIND    ST                                                                                            8
 **********************[ Option Cards ]************************                                        9
 #PREDICT 1, 201707211500, 201708081459, 1 # 7ap                                                      10
 PREDICT 1, 201707011500, 201708301459, 1 # 7ap                                                       11
 #PREDICT 1, 201708010000, 201708070000, 1 # 7ap                                                      12
 PREFMT  3, 1                                                                                         13
 UNIT20  tides.out                                                                                    14
 END                                                                                                  15
----------------------------------------< INPUT CARD (END) >----------------------------------------


--------------------< Configuration >--------------------
 Station  1
    Name : KAMIOKA   
    Longitude = 137.310000 (deg)
              = 137.0 (deg),  18.0 (min),  36.0000 (sec)
    Latitude  =  36.430000 (deg)
              =  36.0 (deg),  25.0 (min),  48.0000 (sec)
    Altitude  =  358.00 (m), Azimuth =    0.00 (deg)
 Kind                :  ST
 Tidal waves         :  M2  S2  K1  O1  N2  P1  K2  Q1 
 Integration area    :   0.0 - 180.0 (deg)
 2nd mesh region     : Within  10.0 (deg)
 3rd mesh region     : Within   5.0 (deg)
 Green's function    : Green's function based on 1066A model
 MASSCON ON          : Mass conservation procedure conducted.
 Prediction component  = Solid Earth Tide + Ocean Loading Tide                                           
 Prediction start time = 2017/ 7/ 1 15: 0, MJD =  57935.62500
 Prediction end   time = 2017/ 8/30 14:59, MJD =  57995.62431
 Prediction time step  =    1 (min)
 Prediction output time unit  = minute                                                                          
 Prediction output sign       = ST : extension positive                                                         
 Prediction output unit       = ST (nondimensional)                                                             
 Prediction output file       = tides.out                                                                       
 -------------------------------------------------------


--------------------< Green's function >--------------------
 
***** Elastic Earth model (1066A model) *****
 
 Ang. dist.      RD           HD           GV           TL           ST           DV
    0.0001   -0.768E+02   -0.232E+02   -0.188E+03    0.769E+02    0.233E+02   -0.489E-04
    0.0010   -0.761E+02   -0.232E+02   -0.186E+03    0.769E+02    0.233E+02   -0.489E-03
    0.0100   -0.689E+02   -0.230E+02   -0.169E+03    0.768E+02    0.235E+02   -0.489E-02
    0.0200   -0.611E+02   -0.224E+02   -0.151E+03    0.764E+02    0.241E+02   -0.975E-02
    0.0300   -0.536E+02   -0.213E+02   -0.134E+03    0.751E+02    0.250E+02   -0.146E-01
    0.0400   -0.475E+02   -0.197E+02   -0.119E+03    0.719E+02    0.260E+02   -0.193E-01
    0.0600   -0.352E+02   -0.166E+02   -0.898E+02    0.654E+02    0.272E+02   -0.285E-01
    0.0800   -0.266E+02   -0.130E+02   -0.692E+02    0.546E+02    0.265E+02   -0.373E-01
    0.1000   -0.210E+02   -0.983E+01   -0.552E+02    0.427E+02    0.236E+02   -0.455E-01
    0.1600   -0.153E+02   -0.493E+01   -0.391E+02    0.182E+02    0.995E+01   -0.666E-01
    0.2000   -0.153E+02   -0.456E+01   -0.374E+02    0.138E+02    0.358E+01   -0.781E-01
    0.2500   -0.157E+02   -0.519E+01   -0.371E+02    0.137E+02    0.731E+00   -0.905E-01
    0.3000   -0.160E+02   -0.597E+01   -0.368E+02    0.152E+02    0.187E+01   -0.101E+00
    0.4000   -0.159E+02   -0.687E+01   -0.356E+02    0.170E+02    0.441E+01   -0.122E+00
    0.5000   -0.156E+02   -0.714E+01   -0.345E+02    0.169E+02    0.703E+01   -0.143E+00
    0.6000   -0.152E+02   -0.717E+01   -0.333E+02    0.171E+02    0.647E+01   -0.165E+00
    0.8000   -0.144E+02   -0.694E+01   -0.313E+02    0.175E+02    0.867E+01   -0.214E+00
    1.0000   -0.136E+02   -0.665E+01   -0.295E+02    0.180E+02    0.794E+01   -0.265E+00
    1.2000   -0.128E+02   -0.631E+01   -0.277E+02    0.164E+02    0.780E+01   -0.314E+00
    1.6000   -0.113E+02   -0.571E+01   -0.247E+02    0.155E+02    0.678E+01   -0.403E+00
    2.0000   -0.101E+02   -0.516E+01   -0.221E+02    0.152E+02    0.679E+01   -0.475E+00
    2.5000   -0.876E+01   -0.455E+01   -0.192E+02    0.143E+02    0.718E+01   -0.546E+00
    3.0000   -0.771E+01   -0.400E+01   -0.170E+02    0.129E+02    0.687E+01   -0.600E+00
    4.0000   -0.621E+01   -0.313E+01   -0.137E+02    0.104E+02    0.562E+01   -0.676E+00
    5.0000   -0.527E+01   -0.253E+01   -0.116E+02    0.847E+01    0.457E+01   -0.727E+00
    6.0000   -0.467E+01   -0.213E+01   -0.101E+02    0.700E+01    0.366E+01   -0.769E+00
    7.0000   -0.427E+01   -0.185E+01   -0.914E+01    0.594E+01    0.234E+01   -0.811E+00
    8.0000   -0.400E+01   -0.168E+01   -0.840E+01    0.519E+01    0.257E+01   -0.855E+00
    9.0000   -0.380E+01   -0.156E+01   -0.784E+01    0.467E+01    0.147E+01   -0.904E+00
   10.0000   -0.365E+01   -0.149E+01   -0.739E+01    0.431E+01    0.155E+01   -0.959E+00
   12.0000   -0.342E+01   -0.142E+01   -0.668E+01    0.389E+01    0.102E+01   -0.108E+01
   16.0000   -0.303E+01   -0.137E+01   -0.563E+01    0.357E+01    0.370E+00   -0.137E+01
   20.0000   -0.264E+01   -0.134E+01   -0.477E+01    0.346E+01    0.402E+00   -0.168E+01
   25.0000   -0.210E+01   -0.126E+01   -0.380E+01    0.341E+01    0.607E+00   -0.208E+01
   30.0000   -0.151E+01   -0.116E+01   -0.291E+01    0.337E+01    0.125E+01   -0.245E+01
   40.0000   -0.243E+00   -0.850E+00   -0.134E+01    0.296E+01    0.223E+01   -0.291E+01
   50.0000    0.906E+00   -0.501E+00   -0.184E+00    0.187E+01    0.281E+01   -0.278E+01
   60.0000    0.172E+01   -0.234E+00    0.450E+00    0.284E+00    0.294E+01   -0.200E+01
   70.0000    0.211E+01   -0.141E+00    0.586E+00   -0.140E+01    0.257E+01   -0.733E+00
   80.0000    0.205E+01   -0.243E+00    0.336E+00   -0.284E+01    0.206E+01    0.779E+00
   90.0000    0.162E+01   -0.505E+00   -0.161E+00   -0.382E+01   -0.192E+00    0.228E+01
  100.0000    0.882E+00   -0.858E+00   -0.782E+00   -0.431E+01   -0.133E+01    0.358E+01
  110.0000   -0.705E-01   -0.122E+01   -0.143E+01   -0.435E+01   -0.351E+01    0.454E+01
  120.0000   -0.116E+01   -0.152E+01   -0.206E+01   -0.405E+01   -0.404E+01    0.511E+01
  130.0000   -0.230E+01   -0.170E+01   -0.262E+01   -0.354E+01   -0.437E+01    0.526E+01
  140.0000   -0.344E+01   -0.171E+01   -0.312E+01   -0.290E+01   -0.488E+01    0.501E+01
  150.0000   -0.449E+01   -0.154E+01   -0.355E+01   -0.222E+01   -0.641E+01    0.436E+01
  160.0000   -0.543E+01   -0.118E+01   -0.392E+01   -0.153E+01   -0.891E+01    0.331E+01
  170.0000   -0.617E+01   -0.656E+00   -0.423E+01   -0.807E+00   -0.842E+01    0.186E+01
  180.0000   -0.668E+01    0.000E+00   -0.451E+01    0.000E+00   -0.370E+01   -0.128E-12
--------------------------------------------------------------------------------------
 
 
 
 Computation for wave M2 
 
   ---------------< Ocean tide model information >---------------
   Local ocean tide model file : ./data/omap/m2_j.nao                                                            
     Model name   = NAO.99Jb                                          
     Created date = Wed Apr 12 16:06:13 JST 2000                      
     xmin = 110.00, xmax = 165.00, ymin =  20.00, ymax =  65.00
     dx   =  0.083, dy =    0.083, mend =  661  , nend =  541
     amplitude unit =  0.010, phase unit =   0.010
     Number of ocean grids =   197193
     Number of land  grids =   160408
 
   Global ocean tide model file : ./data/omap/m2.nao                                                              
     Model name   = NAO.99b                                           
     Created date = Sat Mar 25 18:49:08 JST 2000                      
     xmin =   0.25, xmax = 359.75, ymin = -89.75, ymax =  89.75
     dx   =  0.500, dy =    0.500, mend =  720  , nend =  360
     amplitude unit =  0.010, phase unit =   0.010
     Number of ocean grids =   173467
     Number of land  grids =    85733
  
   Unconserved mass information
   Total area of ocean meshes (rad)   =   8.9876327532385769     
   Ocean percentage : total/(4pi)*100 =   71.521308968627082     
   Real part of unconserved mass (m)  =   1.2107620332438684E-003
   Imag part of unconserved mass (m)  =  -4.3871132660959131E-004
   Amplitude (m)                      =   1.2877935895322565E-003
   Phase  (deg)                       =  -19.917637084449947     
  
   --------------------------------------------------------------
 
   Wave : M2 , Station : KAMIOKA   , Kind : ST
 
   -----------------< Mesh Information >-----------------
   Number of 1st order ocean meshes =   174374
   Number of 2nd order ocean meshes =     4987
   Number of 3rd order ocean meshes =    48109
   Number of 4th order ocean meshes =        0
   Number of 1st order land meshes  =    84503
   Number of 2nd order land meshes  =     3028
   Number of 3rd order land meshes  =    27591
   Number of 4th order land meshes  =        0
   Nearest ocean grid : Lon =  137.30625 (deg)
                        Lat =   36.75417 (deg)
                        Angular Distance =  0.32418 (deg)
   ------------------------------------------------------
 
 
 Computation for wave S2 
 
   ---------------< Ocean tide model information >---------------
   Local ocean tide model file : ./data/omap/s2_j.nao                                                            
     Model name   = NAO.99Jb                                          
     Created date = Wed Apr 12 16:09:19 JST 2000                      
     xmin = 110.00, xmax = 165.00, ymin =  20.00, ymax =  65.00
     dx   =  0.083, dy =    0.083, mend =  661  , nend =  541
     amplitude unit =  0.010, phase unit =   0.010
     Number of ocean grids =   197193
     Number of land  grids =   160408
 
   Global ocean tide model file : ./data/omap/s2.nao                                                              
     Model name   = NAO.99b                                           
     Created date = Sat Mar 25 18:50:10 JST 2000                      
     xmin =   0.25, xmax = 359.75, ymin = -89.75, ymax =  89.75
     dx   =  0.500, dy =    0.500, mend =  720  , nend =  360
     amplitude unit =  0.010, phase unit =   0.010
     Number of ocean grids =   173467
     Number of land  grids =    85733
  
   Unconserved mass information
   Total area of ocean meshes (rad)   =   8.9876327532385769     
   Ocean percentage : total/(4pi)*100 =   71.521308968627082     
   Real part of unconserved mass (m)  =   8.5403660683868680E-004
   Imag part of unconserved mass (m)  =  -8.7224360187098399E-005
   Amplitude (m)                      =   8.5847924542797568E-004
   Phase  (deg)                       =  -5.8315055096172355     
  
   --------------------------------------------------------------
 
   Wave : S2 , Station : KAMIOKA   , Kind : ST
 
 Computation for wave K1 
 
   ---------------< Ocean tide model information >---------------
   Local ocean tide model file : ./data/omap/k1_j.nao                                                            
     Model name   = NAO.99Jb                                          
     Created date = Wed Apr 12 16:07:15 JST 2000                      
     xmin = 110.00, xmax = 165.00, ymin =  20.00, ymax =  65.00
     dx   =  0.083, dy =    0.083, mend =  661  , nend =  541
     amplitude unit =  0.010, phase unit =   0.010
     Number of ocean grids =   197193
     Number of land  grids =   160408
 
   Global ocean tide model file : ./data/omap/k1.nao                                                              
     Model name   = NAO.99b                                           
     Created date = Sat Mar 25 18:51:12 JST 2000                      
     xmin =   0.25, xmax = 359.75, ymin = -89.75, ymax =  89.75
     dx   =  0.500, dy =    0.500, mend =  720  , nend =  360
     amplitude unit =  0.010, phase unit =   0.010
     Number of ocean grids =   173467
     Number of land  grids =    85733
  
   Unconserved mass information
   Total area of ocean meshes (rad)   =   8.9876327532385769     
   Ocean percentage : total/(4pi)*100 =   71.521308968627082     
   Real part of unconserved mass (m)  =   1.1166758183087204E-003
   Imag part of unconserved mass (m)  =  -2.3143126531669268E-004
   Amplitude (m)                      =   1.1404057671555051E-003
   Phase  (deg)                       =  -11.708797555902450     
  
   --------------------------------------------------------------
 
   Wave : K1 , Station : KAMIOKA   , Kind : ST
 
 Computation for wave O1 
 
   ---------------< Ocean tide model information >---------------
   Local ocean tide model file : ./data/omap/o1_j.nao                                                            
     Model name   = NAO.99Jb                                          
     Created date = Wed Apr 12 16:08:17 JST 2000                      
     xmin = 110.00, xmax = 165.00, ymin =  20.00, ymax =  65.00
     dx   =  0.083, dy =    0.083, mend =  661  , nend =  541
     amplitude unit =  0.010, phase unit =   0.010
     Number of ocean grids =   197193
     Number of land  grids =   160408
 
   Global ocean tide model file : ./data/omap/o1.nao                                                              
     Model name   = NAO.99b                                           
     Created date = Sat Mar 25 18:52:15 JST 2000                      
     xmin =   0.25, xmax = 359.75, ymin = -89.75, ymax =  89.75
     dx   =  0.500, dy =    0.500, mend =  720  , nend =  360
     amplitude unit =  0.010, phase unit =   0.010
     Number of ocean grids =   173467
     Number of land  grids =    85733
  
   Unconserved mass information
   Total area of ocean meshes (rad)   =   8.9876327532385769     
   Ocean percentage : total/(4pi)*100 =   71.521308968627082     
   Real part of unconserved mass (m)  =   3.5018737786265036E-004
   Imag part of unconserved mass (m)  =  -2.8312393790622787E-004
   Amplitude (m)                      =   4.5032251090729207E-004
   Phase  (deg)                       =  -38.955286247735415     
  
   --------------------------------------------------------------
 
   Wave : O1 , Station : KAMIOKA   , Kind : ST
 
 Computation for wave N2 
 
   ---------------< Ocean tide model information >---------------
   Local ocean tide model file : ./data/omap/n2_j.nao                                                            
     Model name   = NAO.99Jb                                          
     Created date = Wed Apr 12 16:11:23 JST 2000                      
     xmin = 110.00, xmax = 165.00, ymin =  20.00, ymax =  65.00
     dx   =  0.083, dy =    0.083, mend =  661  , nend =  541
     amplitude unit =  0.010, phase unit =   0.010
     Number of ocean grids =   197193
     Number of land  grids =   160408
 
   Global ocean tide model file : ./data/omap/n2.nao                                                              
     Model name   = NAO.99b                                           
     Created date = Sat Mar 25 18:54:19 JST 2000                      
     xmin =   0.25, xmax = 359.75, ymin = -89.75, ymax =  89.75
     dx   =  0.500, dy =    0.500, mend =  720  , nend =  360
     amplitude unit =  0.010, phase unit =   0.010
     Number of ocean grids =   173467
     Number of land  grids =    85733
  
   Unconserved mass information
   Total area of ocean meshes (rad)   =   8.9876327532385769     
   Ocean percentage : total/(4pi)*100 =   71.521308968627082     
   Real part of unconserved mass (m)  =   1.1246332023577676E-004
   Imag part of unconserved mass (m)  =   5.1124726034258322E-005
   Amplitude (m)                      =   1.2353839893139643E-004
   Phase  (deg)                       =   24.446080656511366     
  
   --------------------------------------------------------------
 
   Wave : N2 , Station : KAMIOKA   , Kind : ST
 
 Computation for wave P1 
 
   ---------------< Ocean tide model information >---------------
   Local ocean tide model file : ./data/omap/p1_j.nao                                                            
     Model name   = NAO.99Jb                                          
     Created date = Wed Apr 12 16:10:21 JST 2000                      
     xmin = 110.00, xmax = 165.00, ymin =  20.00, ymax =  65.00
     dx   =  0.083, dy =    0.083, mend =  661  , nend =  541
     amplitude unit =  0.010, phase unit =   0.010
     Number of ocean grids =   197193
     Number of land  grids =   160408
 
   Global ocean tide model file : ./data/omap/p1.nao                                                              
     Model name   = NAO.99b                                           
     Created date = Sat Mar 25 18:53:17 JST 2000                      
     xmin =   0.25, xmax = 359.75, ymin = -89.75, ymax =  89.75
     dx   =  0.500, dy =    0.500, mend =  720  , nend =  360
     amplitude unit =  0.010, phase unit =   0.010
     Number of ocean grids =   173467
     Number of land  grids =    85733
  
   Unconserved mass information
   Total area of ocean meshes (rad)   =   8.9876327532385769     
   Ocean percentage : total/(4pi)*100 =   71.521308968627082     
   Real part of unconserved mass (m)  =   1.7684562153086916E-004
   Imag part of unconserved mass (m)  =  -1.9493969253896773E-005
   Amplitude (m)                      =   1.7791680272506946E-004
   Phase  (deg)                       =  -6.2904071180919612     
  
   --------------------------------------------------------------
 
   Wave : P1 , Station : KAMIOKA   , Kind : ST
 
 Computation for wave K2 
 
   ---------------< Ocean tide model information >---------------
   Local ocean tide model file : ./data/omap/k2_j.nao                                                            
     Model name   = NAO.99Jb                                          
     Created date = Wed Apr 12 16:12:25 JST 2000                      
     xmin = 110.00, xmax = 165.00, ymin =  20.00, ymax =  65.00
     dx   =  0.083, dy =    0.083, mend =  661  , nend =  541
     amplitude unit =  0.010, phase unit =   0.010
     Number of ocean grids =   197193
     Number of land  grids =   160408
 
   Global ocean tide model file : ./data/omap/k2.nao                                                              
     Model name   = NAO.99b                                           
     Created date = Sat Mar 25 18:55:21 JST 2000                      
     xmin =   0.25, xmax = 359.75, ymin = -89.75, ymax =  89.75
     dx   =  0.500, dy =    0.500, mend =  720  , nend =  360
     amplitude unit =  0.010, phase unit =   0.010
     Number of ocean grids =   173467
     Number of land  grids =    85733
  
   Unconserved mass information
   Total area of ocean meshes (rad)   =   8.9876327532385769     
   Ocean percentage : total/(4pi)*100 =   71.521308968627082     
   Real part of unconserved mass (m)  =   3.1632898568082824E-004
   Imag part of unconserved mass (m)  =  -6.1506585525770492E-005
   Amplitude (m)                      =   3.2225314155939668E-004
   Phase  (deg)                       =  -11.003221751063389     
  
   --------------------------------------------------------------
 
   Wave : K2 , Station : KAMIOKA   , Kind : ST
 
 Computation for wave Q1 
 
   ---------------< Ocean tide model information >---------------
   Local ocean tide model file : ./data/omap/q1_j.nao                                                            
     Model name   = NAO.99Jb                                          
     Created date = Wed Apr 12 16:13:27 JST 2000                      
     xmin = 110.00, xmax = 165.00, ymin =  20.00, ymax =  65.00
     dx   =  0.083, dy =    0.083, mend =  661  , nend =  541
     amplitude unit =  0.010, phase unit =   0.010
     Number of ocean grids =   197193
     Number of land  grids =   160408
 
   Global ocean tide model file : ./data/omap/q1.nao                                                              
     Model name   = NAO.99b                                           
     Created date = Mon Mar 27 16:48:21 JST 2000                      
     xmin =   0.25, xmax = 359.75, ymin = -89.75, ymax =  89.75
     dx   =  0.500, dy =    0.500, mend =  720  , nend =  360
     amplitude unit =  0.010, phase unit =   0.010
     Number of ocean grids =   173467
     Number of land  grids =    85733
  
   Unconserved mass information
   Total area of ocean meshes (rad)   =   8.9876327532385769     
   Ocean percentage : total/(4pi)*100 =   71.521308968627082     
   Real part of unconserved mass (m)  =   3.4544805210431066E-004
   Imag part of unconserved mass (m)  =  -1.8025966761025112E-004
   Amplitude (m)                      =   3.8965100342437301E-004
   Phase  (deg)                       =  -27.556188246685210     
  
   --------------------------------------------------------------
 
   Wave : Q1 , Station : KAMIOKA   , Kind : ST
 
 
 
 
 ====================================================================
 ============================== Strain ==============================
 ====================================================================
 
 Station       KAMIOKA   

 Latitude       36d 25m 48.0s North   
 Longitude     137d 18m 36.0s East    
 Altitude      358.00 m
 Azimuth         0.00 degree
 Earth model  1066A                                                                           
 Range of integration           0. to   180. deg.
 
      Amplitude : Unitless, extension positive.     Phase : Unit in degree, lag positive.                                     
      "N-S" means N-S component principal strain (dv/dy).                                                                     
      "E-W" means E-W component principal strain (du/dx).                                                                     
      "Shear" means shear strain ((du/dy+dv/dx)/2).                                                                           
      "Azimuth" means azimuthal component principal strain.                                                                   
      "Areal" means areal dilatation (du/dx+dv/dy) and "Cubic" means cubic dilatation (du/dx+dv/dy+dw/dz).                    
      "G-phase" means phase with respect to that of tidal potential at Greenwich.
      "A-phase" means phase with respect to +cos-argument of local potential.
      "R-phase" means phase with respect to +cos-argument of equilibrium tide.
 
 *********************************************************
 **                Oceanic tidal effects                **
 *********************************************************
 
            1-st order mesh         2-nd order mesh         3-rd order mesh         4-th order mesh             Total
           Amplitude G-phase       Amplitude G-phase       Amplitude G-phase       Amplitude G-phase       Amplitude G-phase
 N-S     
 M2       3.1560E-09  271.628     5.7701E-10  229.215     3.9578E-10  247.767     0.0000E+00    0.000     3.9820E-09  263.699
 S2       1.1941E-09  301.044     2.6082E-10  252.746     1.7466E-10  275.479     0.0000E+00    0.000     1.5489E-09  291.001
 K1       5.3409E-10  130.905     5.2339E-11   70.787     6.8401E-11   78.650     0.0000E+00    0.000     6.1020E-10  121.523
 O1       4.7721E-10  122.313     6.0392E-11  106.123     5.4972E-11   84.674     0.0000E+00    0.000     5.8093E-10  117.335
 N2       5.8707E-10  254.578     1.0413E-10  220.012     6.9076E-11  237.774     0.0000E+00    0.000     7.4316E-10  248.472
 P1       1.7468E-10  129.859     1.9382E-11   69.601     2.3651E-11   76.287     0.0000E+00    0.000     2.0156E-10  119.611
 K2       3.2422E-10  296.466     7.0029E-11  246.657     4.8279E-11  268.844     0.0000E+00    0.000     4.1912E-10  286.036
 Q1       9.0592E-11  122.804     8.8139E-12  101.486     9.9241E-12   72.740     0.0000E+00    0.000     1.0573E-10  116.933
 
 E-W     
 M2       3.0124E-09  120.414     2.0851E-10   48.284     2.5578E-10   62.540     0.0000E+00    0.000     3.2391E-09  113.052
 S2       1.1484E-09  143.069     1.0641E-10   62.014     1.0289E-10   90.135     0.0000E+00    0.000     1.2411E-09  134.393
 K1       1.2039E-09  260.645     1.0752E-10   48.146     7.5222E-11   36.814     0.0000E+00    0.000     1.0646E-09  266.569
 O1       8.1512E-10  241.907     9.6824E-11   17.457     7.7595E-11    5.918     0.0000E+00    0.000     7.1491E-10  252.557
 N2       5.8790E-10  107.052     4.5600E-11   40.897     4.6505E-11   45.984     0.0000E+00    0.000     6.3421E-10   99.585
 P1       3.8272E-10  258.053     3.1419E-11   45.470     2.1378E-11   29.594     0.0000E+00    0.000     3.4365E-10  263.551
 K2       3.1549E-10  138.205     2.7629E-11   53.809     2.8935E-11   82.066     0.0000E+00    0.000     3.3826E-10  129.444
 Q1       1.4611E-10  237.970     1.7616E-11   20.691     1.4794E-11  359.027     0.0000E+00    0.000     1.2663E-10  248.593
 
 Shear   
 M2       1.4033E-09  347.861     2.6842E-10   20.571     2.1160E-10   23.076     0.0000E+00    0.000     1.8217E-09  356.291
 S2       6.0375E-10  355.718     1.0332E-10   47.173     7.9362E-11   44.044     0.0000E+00    0.000     7.3438E-10    6.715
 K1       2.9500E-10    9.941     8.9855E-11  186.583     7.2908E-11  127.121     0.0000E+00    0.000     1.8574E-10   32.120
 O1       3.7289E-10  355.461     7.7782E-11  163.594     5.1654E-11  108.402     0.0000E+00    0.000     2.8385E-10    8.401
 N2       3.1712E-10  338.081     5.3370E-11   11.872     3.8580E-11    6.061     0.0000E+00    0.000     3.9842E-10  344.969
 P1       1.0329E-10    8.231     2.7798E-11  181.311     2.2537E-11  131.778     0.0000E+00    0.000     6.7004E-11   27.520
 K2       1.7434E-10  350.056     3.0195E-11   43.996     2.2860E-11   41.576     0.0000E+00    0.000     2.1063E-10    1.643
 Q1       8.3163E-11  356.873     1.5545E-11  161.649     8.8951E-12  107.638     0.0000E+00    0.000     6.6182E-11    7.671
 
 Azimuth 
 M2       3.1560E-09  271.628     5.7701E-10  229.215     3.9578E-10  247.767     0.0000E+00    0.000     3.9820E-09  263.699
 S2       1.1941E-09  301.044     2.6082E-10  252.746     1.7466E-10  275.479     0.0000E+00    0.000     1.5489E-09  291.001
 K1       5.3409E-10  130.905     5.2339E-11   70.787     6.8401E-11   78.650     0.0000E+00    0.000     6.1020E-10  121.523
 O1       4.7721E-10  122.313     6.0392E-11  106.123     5.4972E-11   84.674     0.0000E+00    0.000     5.8093E-10  117.335
 N2       5.8707E-10  254.578     1.0413E-10  220.012     6.9076E-11  237.774     0.0000E+00    0.000     7.4316E-10  248.472
 P1       1.7468E-10  129.859     1.9382E-11   69.601     2.3651E-11   76.287     0.0000E+00    0.000     2.0156E-10  119.611
 K2       3.2422E-10  296.466     7.0029E-11  246.657     4.8279E-11  268.844     0.0000E+00    0.000     4.1912E-10  286.036
 Q1       9.0592E-11  122.804     8.8139E-12  101.486     9.9241E-12   72.740     0.0000E+00    0.000     1.0573E-10  116.933
 
 Areal   
 M2       1.5395E-09  201.204     3.6855E-10  229.742     1.4298E-10  257.145     0.0000E+00    0.000     1.9656E-09  209.822
 S2       4.4974E-10  227.792     1.5752E-10  259.972     7.2848E-11  283.038     0.0000E+00    0.000     6.4091E-10  240.752
 K1       9.5522E-10  235.181     1.5713E-10   55.513     1.3418E-10   56.692     0.0000E+00    0.000     6.6398E-10  234.798
 O1       7.1270E-10  206.299     1.1530E-10   49.033     1.0347E-10   37.322     0.0000E+00    0.000     5.0888E-10  199.035
 N2       3.2853E-10  180.676     5.8535E-11  219.323     2.5396E-11  259.747     0.0000E+00    0.000     3.8402E-10  189.891
 P1       3.0710E-10  231.500     4.9743E-11   54.636     4.1352E-11   54.188     0.0000E+00    0.000     2.1618E-10  230.264
 K2       1.2094E-10  221.402     4.3528E-11  254.770     1.9842E-11  278.753     0.0000E+00    0.000     1.7284E-10  235.004
 Q1       1.3527E-10  200.659     2.0921E-11   45.265     1.9992E-11   27.482     0.0000E+00    0.000     9.7033E-11  194.099
 
 Cubic   
 M2       9.3019E-10  201.204     2.2268E-10  229.742     8.6387E-11  257.145     0.0000E+00    0.000     1.1876E-09  209.822
 S2       2.7173E-10  227.792     9.5171E-11  259.972     4.4015E-11  283.038     0.0000E+00    0.000     3.8724E-10  240.752
 K1       5.7714E-10  235.181     9.4936E-11   55.513     8.1071E-11   56.692     0.0000E+00    0.000     4.0118E-10  234.798
 O1       4.3062E-10  206.299     6.9665E-11   49.033     6.2518E-11   37.322     0.0000E+00    0.000     3.0747E-10  199.035
 N2       1.9850E-10  180.676     3.5367E-11  219.323     1.5344E-11  259.747     0.0000E+00    0.000     2.3202E-10  189.891
 P1       1.8555E-10  231.500     3.0055E-11   54.636     2.4985E-11   54.188     0.0000E+00    0.000     1.3061E-10  230.264
 K2       7.3070E-11  221.402     2.6299E-11  254.770     1.1988E-11  278.753     0.0000E+00    0.000     1.0443E-10  235.004
 Q1       8.1730E-11  200.659     1.2641E-11   45.265     1.2079E-11   27.482     0.0000E+00    0.000     5.8627E-11  194.099
 
               
 *********************************************************
 **  Theoretical Earth tide and oceanic tidal effects   **
 *********************************************************
               
                  Solid Earth tide                Oceanic tidal effect                     Total
            Amplitude  A-phase  R-phase       Amplitude  A-phase  R-phase       Amplitude  A-phase  R-phase

 N-S     
 M2        1.3185E-08    0.000    0.000      3.9820E-09  178.319  178.319      9.2057E-09    0.727    0.727
 S2        6.1344E-09    0.000    0.000      1.5489E-09  205.621  205.621      4.7849E-09  351.953  351.953
 K1        3.6727E-09    0.000    0.000      6.1020E-10  258.833  258.833      3.6046E-09  350.440  350.440
 O1        4.0547E-09    0.000    0.000      5.8093E-10  254.645  254.645      3.9409E-09  351.828  351.828
 N2        2.5245E-09    0.000    0.000      7.4316E-10  163.092  163.092      1.8263E-09    6.797    6.797
 P1        1.7032E-09    0.000    0.000      2.0156E-10  256.921  256.921      1.6692E-09  353.245  353.245
 K2        1.6684E-09    0.000    0.000      4.1912E-10  200.656  200.656      1.2848E-09  353.392  353.392
 Q1        7.7918E-10    0.000    0.000      1.0573E-10  254.243  254.243      7.5733E-10  352.278  352.278
               
 E-W     
 M2        4.3716E-09    0.000    0.000      3.2391E-09   27.672   27.672      7.3948E-09   11.737   11.737
 S2        2.0339E-09    0.000    0.000      1.2411E-09   49.013   49.013      2.9980E-09   18.210   18.210
 K1        7.3919E-09    0.000    0.000      1.0646E-09   43.879   43.879      8.1926E-09    5.168    5.168
 O1        6.6079E-09    0.000    0.000      7.1491E-10   29.867   29.867      7.2367E-09    2.820    2.820
 N2        8.3700E-10    0.000    0.000      6.3421E-10   14.205   14.205      1.4601E-09    6.119    6.119
 P1        2.9056E-09    0.000    0.000      3.4365E-10   40.861   40.861      3.1735E-09    4.063    4.063
 K2        5.5315E-10    0.000    0.000      3.3826E-10   44.064   44.064      8.3024E-10   16.460   16.460
 Q1        1.2680E-09    0.000    0.000      1.2663E-10   25.903   25.903      1.3830E-09    2.292    2.292
               
 Shear   
 M2        3.8694E-09   90.000    0.000      1.8217E-09  270.911  180.911      2.0482E-09   89.190  359.190
 S2        1.8002E-09   90.000    0.000      7.3438E-10  281.335  191.335      1.0898E-09   82.389  352.389
 K1        3.1315E-09  270.000    0.000      1.8574E-10  169.430  259.430      3.1028E-09  266.626  356.626
 O1        2.1498E-09  270.000    0.000      2.8385E-10  145.711  235.711      2.0036E-09  263.278  353.278
 N2        7.4085E-10   90.000    0.000      3.9842E-10  259.589  169.589      3.5634E-10  101.656   11.656
 P1        1.0124E-09  270.000    0.000      6.7004E-11  164.830  254.830      9.9696E-10  266.281  356.281
 K2        4.8962E-10   90.000    0.000      2.1063E-10  276.263  186.263      2.8118E-10   85.313  355.313
 Q1        4.1158E-10  270.000    0.000      6.6182E-11  144.981  234.981      3.7751E-10  261.745  351.745
               
 Azimuth 
 M2        1.3185E-08    0.000    0.000      3.9820E-09  178.319  178.319      9.2057E-09    0.727    0.727
 S2        6.1344E-09    0.000    0.000      1.5489E-09  205.621  205.621      4.7849E-09  351.953  351.953
 K1        3.6727E-09    0.000    0.000      6.1020E-10  258.833  258.833      3.6046E-09  350.440  350.440
 O1        4.0547E-09    0.000    0.000      5.8093E-10  254.645  254.645      3.9409E-09  351.828  351.828
 N2        2.5245E-09    0.000    0.000      7.4316E-10  163.092  163.092      1.8263E-09    6.797    6.797
 P1        1.7032E-09    0.000    0.000      2.0156E-10  256.921  256.921      1.6692E-09  353.245  353.245
 K2        1.6684E-09    0.000    0.000      4.1912E-10  200.656  200.656      1.2848E-09  353.392  353.392
 Q1        7.7918E-10    0.000    0.000      1.0573E-10  254.243  254.243      7.5733E-10  352.278  352.278
               
 Areal   
 M2        1.7557E-08    0.000    0.000      1.9656E-09  124.442  124.442      1.6525E-08    5.630    5.630
 S2        8.1683E-09    0.000    0.000      6.4091E-10  155.372  155.372      7.5904E-09    2.016    2.016
 K1        1.1065E-08    0.000    0.000      6.6398E-10   12.108   12.108      1.1715E-08    0.681    0.681
 O1        1.0663E-08    0.000    0.000      5.0888E-10  336.345  336.345      1.1131E-08  358.949  358.949
 N2        3.3615E-09    0.000    0.000      3.8402E-10  104.511  104.511      3.2864E-09    6.495    6.495
 P1        4.6088E-09    0.000    0.000      2.1618E-10    7.574    7.574      4.8231E-09    0.338    0.338
 K2        2.2216E-09    0.000    0.000      1.7284E-10  149.624  149.624      2.0743E-09    2.415    2.415
 Q1        2.0472E-09    0.000    0.000      9.7033E-11  331.409  331.409      2.1329E-09  358.752  358.752
               
 Cubic   
 M2        1.0608E-08    0.000    0.000      1.1876E-09  124.442  124.442      9.9843E-09    5.630    5.630
 S2        4.9353E-09    0.000    0.000      3.8724E-10  155.372  155.372      4.5861E-09    2.016    2.016
 K1        6.6853E-09    0.000    0.000      4.0118E-10   12.108   12.108      7.0780E-09    0.681    0.681
 O1        6.4424E-09    0.000    0.000      3.0747E-10  336.345  336.345      6.7251E-09  358.949  358.949
 N2        2.0310E-09    0.000    0.000      2.3202E-10  104.511  104.511      1.9856E-09    6.495    6.495
 P1        2.7846E-09    0.000    0.000      1.3061E-10    7.574    7.574      2.9141E-09    0.338    0.338
 K2        1.3423E-09    0.000    0.000      1.0443E-10  149.624  149.624      1.2533E-09    2.415    2.415
 Q1        1.2369E-09    0.000    0.000      5.8627E-11  331.409  331.409      1.2887E-09  358.752  358.752
               
