\BOOKMARK [0][-]{chapter.1}{1 Seismic Noise Under the Ground}{}% 1
\BOOKMARK [1][-]{section.1.1}{1.1 Introduction}{chapter.1}% 2
\BOOKMARK [2][-]{subsection.1.1.1}{1.1.1 Site on the Ground Surface}{section.1.1}% 3
\BOOKMARK [2][-]{subsection.1.1.2}{1.1.2 Site under the Ground}{section.1.1}% 4
\BOOKMARK [2][-]{subsection.1.1.3}{1.1.3 KAGRA Site}{section.1.1}% 5
\BOOKMARK [1][-]{section.1.2}{1.2 Theory of Seismic Waves}{chapter.1}% 6
\BOOKMARK [2][-]{subsection.1.2.1}{1.2.1 Seismic Waves}{section.1.2}% 7
\BOOKMARK [2][-]{subsection.1.2.2}{1.2.2 Depth Dependence}{section.1.2}% 8
\BOOKMARK [2][-]{subsection.1.2.3}{1.2.3 ...}{section.1.2}% 9
\BOOKMARK [1][-]{section.1.3}{1.3 Seismic Noise}{chapter.1}% 10
\BOOKMARK [2][-]{subsection.1.3.1}{1.3.1 Problematic Seismic Noise}{section.1.3}% 11
\BOOKMARK [2][-]{subsection.1.3.2}{1.3.2 The Microseisms}{section.1.3}% 12
\BOOKMARK [2][-]{subsection.1.3.3}{1.3.3 The Earth Quakes}{section.1.3}% 13
\BOOKMARK [2][-]{subsection.1.3.4}{1.3.4 The Earth Tide}{section.1.3}% 14
\BOOKMARK [2][-]{subsection.1.3.5}{1.3.5 ...}{section.1.3}% 15
\BOOKMARK [1][-]{section.1.4}{1.4 Seismic Noise Reduction in the Arm Cavity}{chapter.1}% 16
\BOOKMARK [2][-]{subsection.1.4.1}{1.4.1 Introduction}{section.1.4}% 17
\BOOKMARK [2][-]{subsection.1.4.2}{1.4.2 Differential Motion Reduction}{section.1.4}% 18
\BOOKMARK [2][-]{subsection.1.4.3}{1.4.3 Comparizon with surface detectors}{section.1.4}% 19
\BOOKMARK [1][-]{section.1.5}{1.5 Summary of the Chapter}{chapter.1}% 20
